Build started 2016-05-28 18:22:38.
     1>Project "D:\STUDIA\metody obliczeniowe\MOJE_LABORKI\Lab8\Lab8-moje\ConsoleApplication1\ConsoleApplication1\ConsoleApplication1.vcxproj" on node 2 (Build target(s)).
     1>ClCompile:
         D:\Visual_Studio_2013\VC\bin\CL.exe /c /ZI /nologo /W3 /WX- /sdl /Od /Oy- /D WIN32 /D _DEBUG /D _CONSOLE /D _LIB /D _UNICODE /D UNICODE /Gm /EHsc /RTC1 /MDd /GS /fp:precise /Zc:wchar_t /Zc:forScope /Yu"stdafx.h" /Fp"Debug\ConsoleApplication1.pch" /Fo"Debug\\" /Fd"Debug\vc120.pdb" /Gd /TP /analyze- /errorReport:prompt ConsoleApplication1.cpp
         ConsoleApplication1.cpp
     1>d:\studia\metody obliczeniowe\moje_laborki\lab8\lab8-moje\consoleapplication1\consoleapplication1\consoleapplication1.cpp(51): warning C4305: 'initializing' : truncation from 'double' to 'float'
                 d:\studia\metody obliczeniowe\moje_laborki\lab8\lab8-moje\consoleapplication1\consoleapplication1\consoleapplication1.cpp(162) : see reference to function template instantiation 'void oblicz<float>(T *,T **)' being compiled
                 with
                 [
                     T=float
                 ]
     1>d:\studia\metody obliczeniowe\moje_laborki\lab8\lab8-moje\consoleapplication1\consoleapplication1\consoleapplication1.cpp(75): warning C4305: '*=' : truncation from 'double' to 'float'
     1>d:\studia\metody obliczeniowe\moje_laborki\lab8\lab8-moje\consoleapplication1\consoleapplication1\consoleapplication1.cpp(39): warning C4244: 'return' : conversion from 'double' to 'float', possible loss of data
                 d:\studia\metody obliczeniowe\moje_laborki\lab8\lab8-moje\consoleapplication1\consoleapplication1\consoleapplication1.cpp(59) : see reference to function template instantiation 'T roznica_progresywna_trzypunktowa<T>(T,T)' being compiled
                 with
                 [
                     T=float
                 ]
                 d:\studia\metody obliczeniowe\moje_laborki\lab8\lab8-moje\consoleapplication1\consoleapplication1\consoleapplication1.cpp(162) : see reference to function template instantiation 'void oblicz<float>(T *,T **)' being compiled
                 with
                 [
                     T=float
                 ]
     1>d:\studia\metody obliczeniowe\moje_laborki\lab8\lab8-moje\consoleapplication1\consoleapplication1\consoleapplication1.cpp(34): warning C4244: 'return' : conversion from 'double' to 'float', possible loss of data
                 d:\studia\metody obliczeniowe\moje_laborki\lab8\lab8-moje\consoleapplication1\consoleapplication1\consoleapplication1.cpp(63) : see reference to function template instantiation 'T roznica_centralna<T>(T,T)' being compiled
                 with
                 [
                     T=float
                 ]
     1>d:\studia\metody obliczeniowe\moje_laborki\lab8\lab8-moje\consoleapplication1\consoleapplication1\consoleapplication1.cpp(44): warning C4244: 'return' : conversion from 'double' to 'float', possible loss of data
                 d:\studia\metody obliczeniowe\moje_laborki\lab8\lab8-moje\consoleapplication1\consoleapplication1\consoleapplication1.cpp(66) : see reference to function template instantiation 'T roznica_wsteczna_trzypunktowa<T>(T,T)' being compiled
                 with
                 [
                     T=float
                 ]
       Link:
         D:\Visual_Studio_2013\VC\bin\link.exe /ERRORREPORT:PROMPT /OUT:"D:\STUDIA\metody obliczeniowe\MOJE_LABORKI\Lab8\Lab8-moje\ConsoleApplication1\Debug\ConsoleApplication1.exe" /INCREMENTAL /NOLOGO kernel32.lib user32.lib gdi32.lib winspool.lib comdlg32.lib advapi32.lib shell32.lib ole32.lib oleaut32.lib uuid.lib odbc32.lib odbccp32.lib /MANIFEST /MANIFESTUAC:"level='asInvoker' uiAccess='false'" /manifest:embed /DEBUG /PDB:"D:\STUDIA\metody obliczeniowe\MOJE_LABORKI\Lab8\Lab8-moje\ConsoleApplication1\Debug\ConsoleApplication1.pdb" /SUBSYSTEM:CONSOLE /TLBID:1 /DYNAMICBASE /NXCOMPAT /IMPLIB:"D:\STUDIA\metody obliczeniowe\MOJE_LABORKI\Lab8\Lab8-moje\ConsoleApplication1\Debug\ConsoleApplication1.lib" /MACHINE:X86 Debug\ConsoleApplication1.obj
         Debug\stdafx.obj
         ConsoleApplication1.vcxproj -> D:\STUDIA\metody obliczeniowe\MOJE_LABORKI\Lab8\Lab8-moje\ConsoleApplication1\Debug\ConsoleApplication1.exe
     1>Done Building Project "D:\STUDIA\metody obliczeniowe\MOJE_LABORKI\Lab8\Lab8-moje\ConsoleApplication1\ConsoleApplication1\ConsoleApplication1.vcxproj" (Build target(s)).

Build succeeded.

Time Elapsed 00:00:00.78
